Arguments: 
  C:\Program Files\nodejs\node.exe C:\Program Files\nodejs\node_modules\yarn\bin\yarn.js install

PATH: 
  C:\Program Files\WindowsApps\Microsoft.PowerShellPreview_7.4.4.0_x64__8wekyb3d8bbwe;C:\Program Files\Common Files\Oracle\Java\javapath;C:\WINDOWS\system32;C:\WINDOWS;C:\WINDOWS\System32\Wbem;C:\WINDOWS\System32\WindowsPowerShell\v1.0\;C:\WINDOWS\System32\OpenSSH\;C:\Program Files\Microsoft SQL Server\150\Tools\Binn\;C:\Program Files\Microsoft SQL Server\Client SDK\ODBC\170\Tools\Binn\;C:\Program Files\MySQL\MySQL Workbench 8.0 CE;C:\Program Files\Java\jdk-20\bin;C:\Program Files\Git\cmd;C:\Program Files\MongoDB\Server\6.0\bin;C:\mongosh-1.8.0\bin;C:\Users\hp\AppData\Roaming\nvm;C:\Program Files\nodejs;C:\Program Files (x86)\Microsoft SQL Server\160\Tools\Binn\;C:\Program Files\Microsoft SQL Server\160\Tools\Binn\;C:\Program Files\Microsoft SQL Server\160\DTS\Binn\;C:\Program Files (x86)\Microsoft SQL Server\160\DTS\Binn\;C:\Program Files\Azure Data Studio\bin;C:\Program Files\dotnet\;C:\Users\hp\.console-ninja\.bin;C:\Program Files\MySQL\MySQL Shell 8.0\bin\;C:\Users\hp\AppData\Local\Microsoft\WindowsApps;C:\Users\hp\AppData\Local\Programs\Microsoft VS Code\bin;C:\Program Files\JetBrains\IntelliJ IDEA Community Edition 2023.1\bin;;C:\Users\hp\AppData\Local\GitHubDesktop\bin;C:\Program Files (x86)\MongoDB Atlas CLI\;C:\Users\hp\AppData\Roaming\nvm;C:\Program Files\nodejs;C:\Program Files\Azure Data Studio\bin;C:\Users\hp\.dotnet\tools

Yarn version: 
  1.22.19

Node version: 
  18.16.0

Platform: 
  win32 x64

Trace: 
  Error: connect EHOSTUNREACH 104.16.17.35:443
      at TCPConnectWrap.afterConnect [as oncomplete] (node:net:1494:16)

npm manifest: 
  {
    "name": "bookapi",
    "version": "1.0.0",
    "description": "",
    "main": "index.js",
    "scripts": {
      "test": "echo \"Error: no test specified\" && exit 1"
    },
    "author": "",
    "license": "ISC",
      "devDependencies": {
      "@types/cors": "^2.8.13",
      "@types/express": "^4.17.17",
      "@typescript-eslint/eslint-plugin": "^5.59.11",
      "@typescript-eslint/parser": "^5.59.11",
      "eslint-config-prettier": "^8.8.0",
      "husky": "^8.0.3",
      "lint-staged": "^13.2.2",
      "prettier": "^2.8.8",
      "ts-node-dev": "^2.0.0",
      "typescript": "^5.1.3"
    },
    "dependencies": {
      "cors": "^2.8.5",
      "dotenv": "^16.3.1",
      "eslint": "^8.43.0",
      "express": "^4.18.2",
      "http-status": "^1.6.2",
      "mongoose": "^7.3.0",
      "zod": "^3.21.4"
    }
  }

yarn manifest: 
  No manifest

Lockfile: 
  No lockfile
